MonitorDistance=48cm
MonitorWidth=17cm
PixelWidth=1024
PixelHeight=768
Conditions=[0. 2. 1. 2. 1. 2. 1. 2. 1. 0.]
Durations (Triggers) =[ 8. 48. 10. 48. 10. 48. 10. 48. 10.  8.]
Durations : [ 8. 48. 10. 48. 10. 48. 10. 48. 10.  8.]/nSquareSize=1.0
SquareDur=0.15
BlankDur=0.067
RefreshRate=59.984332092739706
FrameDuration=0.016666666666666666
37.1298 	INFO 	Loaded monitor calibration from ['2025_01_10 07:56']
37.7522 	EXP 	Created window1 = Window(allowGUI=False, allowStencil=False, autoLog=True, backendConf=UNKNOWN, backgroundFit=<method-wrapper '__getattribute__' of attributeSetter object at 0x000001FA8E933610>, backgroundImage=<method-wrapper '__getattribute__' of attributeSetter object at 0x000001FA8E9335B0>, bitsMode=UNKNOWN, blendMode='avg', bpc=(8, 8, 8), color=array([-0.5, -0.5, -0.5]), colorSpace='rgb', depthBits=8, fullscr=True, gamma=None, gammaErrorPolicy='raise', infoMsg=UNKNOWN, lms=UNKNOWN, monitor=<psychopy.monitors.calibTools.Monitor object at 0x000001FA8F0CF100>, multiSample=False, name='window1', numSamples=2, pos=(0, 0), screen=1, size=array([1024,  768]), stencilBits=0, stereo=False, title='PsychoPy', units='deg', useFBO=False, useRetina=False, viewOri=0.0, viewPos=None, viewScale=None, waitBlanking=True, winType='pyglet')
37.7522 	EXP 	window1: backgroundImage = None
37.7522 	EXP 	window1: backgroundFit = 'cover'
37.7873 	EXP 	Created unnamed TextStim = TextStim(__class__=<class 'psychopy.visual.text.TextStim'>, alignHoriz=method-wrapper(...), alignText='center', alignVert=method-wrapper(...), anchorHoriz='center', anchorVert='center', antialias=True, autoDraw=False, autoLog=True, bold=False, color=array([1., 1., 1.]), colorSpace='rgb', contrast=1.0, depth=0, draggable=False, flipHoriz=False, flipVert=False, font='', fontFiles=[], height=1.0, italic=False, languageStyle='LTR', name='unnamed TextStim', opacity=1.0, ori=0.0, pos=array([-16.,  -8.]), rgb=UNKNOWN, text='Condition', units='deg', win=Window(...), wrapWidth=15.0)
37.7985 	EXP 	Created unnamed TextStim = TextStim(__class__=<class 'psychopy.visual.text.TextStim'>, alignHoriz=method-wrapper(...), alignText='center', alignVert=method-wrapper(...), anchorHoriz='center', anchorVert='center', antialias=True, autoDraw=False, autoLog=True, bold=False, color=array([1., 1., 1.]), colorSpace='rgb', contrast=1.0, depth=0, draggable=False, flipHoriz=False, flipVert=False, font='', fontFiles=[], height=0.8, italic=False, languageStyle='LTR', name='unnamed TextStim', opacity=1.0, ori=0.0, pos=array([-3.2058,  2.7251]), rgb=UNKNOWN, text='H', units='deg', win=Window(...), wrapWidth=15.0)
37.7998 	EXP 	Created unnamed TextStim = TextStim(__class__=<class 'psychopy.visual.text.TextStim'>, alignHoriz=method-wrapper(...), alignText='center', alignVert=method-wrapper(...), anchorHoriz='center', anchorVert='center', antialias=True, autoDraw=False, autoLog=True, bold=False, color=array([1., 1., 1.]), colorSpace='rgb', contrast=1.0, depth=0, draggable=False, flipHoriz=False, flipVert=False, font='', fontFiles=[], height=0.8, italic=False, languageStyle='LTR', name='unnamed TextStim', opacity=1.0, ori=0.0, pos=array([-3.2058,  2.7251]), rgb=UNKNOWN, text='V', units='deg', win=Window(...), wrapWidth=15.0)
37.8011 	EXP 	Created unnamed TextStim = TextStim(__class__=<class 'psychopy.visual.text.TextStim'>, alignHoriz=method-wrapper(...), alignText='center', alignVert=method-wrapper(...), anchorHoriz='center', anchorVert='center', antialias=True, autoDraw=False, autoLog=True, bold=False, color=array([1., 1., 1.]), colorSpace='rgb', contrast=1.0, depth=0, draggable=False, flipHoriz=False, flipVert=False, font='', fontFiles=[], height=0.8, italic=False, languageStyle='LTR', name='unnamed TextStim', opacity=1.0, ori=0.0, pos=array([-3.2058,  2.7251]), rgb=UNKNOWN, text='F', units='deg', win=Window(...), wrapWidth=15.0)
37.8019 	EXP 	Created unnamed TextStim = TextStim(__class__=<class 'psychopy.visual.text.TextStim'>, alignHoriz=method-wrapper(...), alignText='center', alignVert=method-wrapper(...), anchorHoriz='center', anchorVert='center', antialias=True, autoDraw=False, autoLog=True, bold=False, color=array([1., 1., 1.]), colorSpace='rgb', contrast=1.0, depth=0, draggable=False, flipHoriz=False, flipVert=False, font='', fontFiles=[], height=0.8, italic=False, languageStyle='LTR', name='unnamed TextStim', opacity=1.0, ori=0.0, pos=array([-0.9558,  3.2251]), rgb=UNKNOWN, text='H', units='deg', win=Window(...), wrapWidth=15.0)
37.8028 	EXP 	Created unnamed TextStim = TextStim(__class__=<class 'psychopy.visual.text.TextStim'>, alignHoriz=method-wrapper(...), alignText='center', alignVert=method-wrapper(...), anchorHoriz='center', anchorVert='center', antialias=True, autoDraw=False, autoLog=True, bold=False, color=array([1., 1., 1.]), colorSpace='rgb', contrast=1.0, depth=0, draggable=False, flipHoriz=False, flipVert=False, font='', fontFiles=[], height=0.8, italic=False, languageStyle='LTR', name='unnamed TextStim', opacity=1.0, ori=0.0, pos=array([-0.9558,  3.2251]), rgb=UNKNOWN, text='V', units='deg', win=Window(...), wrapWidth=15.0)
37.8037 	EXP 	Created unnamed TextStim = TextStim(__class__=<class 'psychopy.visual.text.TextStim'>, alignHoriz=method-wrapper(...), alignText='center', alignVert=method-wrapper(...), anchorHoriz='center', anchorVert='center', antialias=True, autoDraw=False, autoLog=True, bold=False, color=array([1., 1., 1.]), colorSpace='rgb', contrast=1.0, depth=0, draggable=False, flipHoriz=False, flipVert=False, font='', fontFiles=[], height=0.8, italic=False, languageStyle='LTR', name='unnamed TextStim', opacity=1.0, ori=0.0, pos=array([-0.9558,  3.2251]), rgb=UNKNOWN, text='F', units='deg', win=Window(...), wrapWidth=15.0)
37.8045 	EXP 	Created unnamed TextStim = TextStim(__class__=<class 'psychopy.visual.text.TextStim'>, alignHoriz=method-wrapper(...), alignText='center', alignVert=method-wrapper(...), anchorHoriz='center', anchorVert='center', antialias=True, autoDraw=False, autoLog=True, bold=False, color=array([1., 1., 1.]), colorSpace='rgb', contrast=1.0, depth=0, draggable=False, flipHoriz=False, flipVert=False, font='', fontFiles=[], height=0.8, italic=False, languageStyle='LTR', name='unnamed TextStim', opacity=1.0, ori=0.0, pos=array([1.5442, 3.2251]), rgb=UNKNOWN, text='H', units='deg', win=Window(...), wrapWidth=15.0)
37.8061 	EXP 	Created unnamed TextStim = TextStim(__class__=<class 'psychopy.visual.text.TextStim'>, alignHoriz=method-wrapper(...), alignText='center', alignVert=method-wrapper(...), anchorHoriz='center', anchorVert='center', antialias=True, autoDraw=False, autoLog=True, bold=False, color=array([1., 1., 1.]), colorSpace='rgb', contrast=1.0, depth=0, draggable=False, flipHoriz=False, flipVert=False, font='', fontFiles=[], height=0.8, italic=False, languageStyle='LTR', name='unnamed TextStim', opacity=1.0, ori=0.0, pos=array([1.5442, 3.2251]), rgb=UNKNOWN, text='V', units='deg', win=Window(...), wrapWidth=15.0)
37.8069 	EXP 	Created unnamed TextStim = TextStim(__class__=<class 'psychopy.visual.text.TextStim'>, alignHoriz=method-wrapper(...), alignText='center', alignVert=method-wrapper(...), anchorHoriz='center', anchorVert='center', antialias=True, autoDraw=False, autoLog=True, bold=False, color=array([1., 1., 1.]), colorSpace='rgb', contrast=1.0, depth=0, draggable=False, flipHoriz=False, flipVert=False, font='', fontFiles=[], height=0.8, italic=False, languageStyle='LTR', name='unnamed TextStim', opacity=1.0, ori=0.0, pos=array([1.5442, 3.2251]), rgb=UNKNOWN, text='F', units='deg', win=Window(...), wrapWidth=15.0)
37.8078 	EXP 	Created unnamed TextStim = TextStim(__class__=<class 'psychopy.visual.text.TextStim'>, alignHoriz=method-wrapper(...), alignText='center', alignVert=method-wrapper(...), anchorHoriz='center', anchorVert='center', antialias=True, autoDraw=False, autoLog=True, bold=False, color=array([1., 1., 1.]), colorSpace='rgb', contrast=1.0, depth=0, draggable=False, flipHoriz=False, flipVert=False, font='', fontFiles=[], height=0.8, italic=False, languageStyle='LTR', name='unnamed TextStim', opacity=1.0, ori=0.0, pos=array([3.7942, 2.7251]), rgb=UNKNOWN, text='H', units='deg', win=Window(...), wrapWidth=15.0)
37.8086 	EXP 	Created unnamed TextStim = TextStim(__class__=<class 'psychopy.visual.text.TextStim'>, alignHoriz=method-wrapper(...), alignText='center', alignVert=method-wrapper(...), anchorHoriz='center', anchorVert='center', antialias=True, autoDraw=False, autoLog=True, bold=False, color=array([1., 1., 1.]), colorSpace='rgb', contrast=1.0, depth=0, draggable=False, flipHoriz=False, flipVert=False, font='', fontFiles=[], height=0.8, italic=False, languageStyle='LTR', name='unnamed TextStim', opacity=1.0, ori=0.0, pos=array([3.7942, 2.7251]), rgb=UNKNOWN, text='V', units='deg', win=Window(...), wrapWidth=15.0)
37.8600 	EXP 	Created unnamed TextStim = TextStim(__class__=<class 'psychopy.visual.text.TextStim'>, alignHoriz=method-wrapper(...), alignText='center', alignVert=method-wrapper(...), anchorHoriz='center', anchorVert='center', antialias=True, autoDraw=False, autoLog=True, bold=False, color=array([1., 1., 1.]), colorSpace='rgb', contrast=1.0, depth=0, draggable=False, flipHoriz=False, flipVert=False, font='', fontFiles=[], height=0.8, italic=False, languageStyle='LTR', name='unnamed TextStim', opacity=1.0, ori=0.0, pos=array([3.7942, 2.7251]), rgb=UNKNOWN, text='F', units='deg', win=Window(...), wrapWidth=15.0)
37.8667 	EXP 	Created unnamed TextStim = TextStim(__class__=<class 'psychopy.visual.text.TextStim'>, alignHoriz=method-wrapper(...), alignText='center', alignVert=method-wrapper(...), anchorHoriz='center', anchorVert='center', antialias=True, autoDraw=False, autoLog=True, bold=False, color=array([1., 1., 1.]), colorSpace='rgb', contrast=1.0, depth=0, draggable=False, flipHoriz=False, flipVert=False, font='', fontFiles=[], height=0.5, italic=False, languageStyle='LTR', name='unnamed TextStim', opacity=1.0, ori=0.0, pos=array([ 0.2942, -1.2749]), rgb=UNKNOWN, text=str(...), units='deg', win=Window(...), wrapWidth=15.0)
37.8732 	EXP 	Created unnamed TextStim = TextStim(__class__=<class 'psychopy.visual.text.TextStim'>, alignHoriz=method-wrapper(...), alignText='center', alignVert=method-wrapper(...), anchorHoriz='center', anchorVert='center', antialias=True, autoDraw=False, autoLog=True, bold=False, color=array([1., 1., 1.]), colorSpace='rgb', contrast=1.0, depth=0, draggable=False, flipHoriz=False, flipVert=False, font='', fontFiles=[], height=0.5, italic=False, languageStyle='LTR', name='unnamed TextStim', opacity=1.0, ori=0.0, pos=array([ 0.2942, -1.2749]), rgb=UNKNOWN, text=str(...), units='deg', win=Window(...), wrapWidth=15.0)
37.8762 	EXP 	Created unnamed TextStim = TextStim(__class__=<class 'psychopy.visual.text.TextStim'>, alignHoriz=method-wrapper(...), alignText='center', alignVert=method-wrapper(...), anchorHoriz='center', anchorVert='center', antialias=True, autoDraw=False, autoLog=True, bold=False, color=array([1., 1., 1.]), colorSpace='rgb', contrast=1.0, depth=0, draggable=False, flipHoriz=False, flipVert=False, font='', fontFiles=[], height=0.5, italic=False, languageStyle='LTR', name='unnamed TextStim', opacity=1.0, ori=0.0, pos=array([ 0.2942, -4.7749]), rgb=UNKNOWN, text=str(...), units='deg', win=Window(...), wrapWidth=15.0)
37.8785 	EXP 	Created unnamed TextStim = TextStim(__class__=<class 'psychopy.visual.text.TextStim'>, alignHoriz=method-wrapper(...), alignText='center', alignVert=method-wrapper(...), anchorHoriz='center', anchorVert='center', antialias=True, autoDraw=False, autoLog=True, bold=False, color=array([1., 1., 1.]), colorSpace='rgb', contrast=1.0, depth=0, draggable=False, flipHoriz=False, flipVert=False, font='', fontFiles=[], height=0.5, italic=False, languageStyle='LTR', name='unnamed TextStim', opacity=1.0, ori=0.0, pos=array([ 0.2942, -1.2749]), rgb=UNKNOWN, text=str(...), units='deg', win=Window(...), wrapWidth=15.0)
37.8795 	EXP 	window1: Attempting to measure frame rate of screen (1) ...
37.8795 	EXP 	window1: recordFrameIntervals = False
38.0357 	EXP 	window1: recordFrameIntervals = True
38.2186 	EXP 	Screen (1) actual frame rate measured at 59.98Hz
38.2187 	EXP 	window1: recordFrameIntervals = False
0.0387 	EXP 	window1: units = 'pix'
0.0388 	INFO 	Mouse: using default window
0.1168 	INFO 	keyboard.Keyboard is using ptb backend.
1.6947 	DATA 	Keypress: return
10.2523 	DATA 	Keypress: 1
10.2654 	EXP 	unnamed TextStim: foreColor = <psychopy.colors.Color: red, alpha=1.0>
11.1643 	DATA 	Keypress: 2
11.1820 	EXP 	unnamed TextStim: foreColor = <psychopy.colors.Color: red, alpha=1.0>
12.6509 	DATA 	Keypress: 5
14.2658 	DATA 	Keypress: escape
14.8996 	DATA 	Keypress: escape
20.9988 	DATA 	Keypress: 4
24.4603 	DATA 	Keypress: 1
33.0954 	DATA 	Keypress: quoteleft
0.0000 	DATA 	StartOfRun1
0.0000 	DATA 	Scanner trigger 0
0.0001 	DATA 	StartOfCondition0.0
0.5184 	DATA 	Keypress: escape
0.5186 	DATA 	User pressed quit
1.2289 	WARNING 	Stopping key buffers but this could be dangerous ifother keyboards rely on the same.
