MonitorDistance=48cm
MonitorWidth=17cm
PixelWidth=1024
PixelHeight=768
SquareSize=1.0
RefreshRate=59.09575225585458
FrameDuration=0.01694915254237288
StartOfRun1Time at start of trial 1 is 0.00021349999587982893
Time at the end of trial 1 is 33.86998360000143
Trial 1 INVALID Response: None at None sec
Trial 1 Response: 1 at 28.704507799993735 sec
Time at start of trial 2 is 33.87025639999774
15.3422 	INFO 	Loaded monitor calibration from ['2025_01_10 07:56']
15.3530 	WARNING 	Requested an unavailable screen number - using first available.
15.3549 	WARNING 	User requested fullscreen with size [1024  768], but screen is actually [1920, 1080]. Using actual size
16.0775 	EXP 	Created window1 = Window(allowGUI=False, allowStencil=False, autoLog=True, backendConf=UNKNOWN, backgroundFit=<method-wrapper '__getattribute__' of attributeSetter object at 0x000001FE79472820>, backgroundImage=<method-wrapper '__getattribute__' of attributeSetter object at 0x000001FE794727C0>, bitsMode=UNKNOWN, blendMode='avg', bpc=(8, 8, 8), color=array([-0.5, -0.5, -0.5]), colorSpace='rgb', depthBits=8, fullscr=True, gamma=None, gammaErrorPolicy='raise', infoMsg=UNKNOWN, lms=UNKNOWN, monitor=<psychopy.monitors.calibTools.Monitor object at 0x000001FE7B53C940>, multiSample=False, name='window1', numSamples=2, pos=(0, 0), screen=1, size=array([1920, 1080]), stencilBits=0, stereo=False, title='PsychoPy', units='deg', useFBO=False, useRetina=False, viewOri=0.0, viewPos=None, viewScale=None, waitBlanking=True, winType='pyglet')
16.0776 	EXP 	window1: backgroundImage = None
16.0776 	EXP 	window1: backgroundFit = 'cover'
16.2865 	EXP 	Created unnamed TextStim = TextStim(__class__=<class 'psychopy.visual.text.TextStim'>, alignHoriz=method-wrapper(...), alignText='center', alignVert=method-wrapper(...), anchorHoriz='center', anchorVert='center', antialias=True, autoDraw=False, autoLog=True, bold=False, color=array([1., 1., 1.]), colorSpace='rgb', contrast=1.0, depth=0, draggable=False, flipHoriz=False, flipVert=False, font='', fontFiles=[], height=0.8, italic=False, languageStyle='LTR', name='unnamed TextStim', opacity=1.0, ori=0.0, pos=array([-3.5981,  2.2348]), rgb=UNKNOWN, text='H', units='deg', win=Window(...), wrapWidth=15.0)
16.2896 	EXP 	Created unnamed TextStim = TextStim(__class__=<class 'psychopy.visual.text.TextStim'>, alignHoriz=method-wrapper(...), alignText='center', alignVert=method-wrapper(...), anchorHoriz='center', anchorVert='center', antialias=True, autoDraw=False, autoLog=True, bold=False, color=array([1., 1., 1.]), colorSpace='rgb', contrast=1.0, depth=0, draggable=False, flipHoriz=False, flipVert=False, font='', fontFiles=[], height=0.8, italic=False, languageStyle='LTR', name='unnamed TextStim', opacity=1.0, ori=0.0, pos=array([-3.5981,  2.2348]), rgb=UNKNOWN, text='V', units='deg', win=Window(...), wrapWidth=15.0)
16.2914 	EXP 	Created unnamed TextStim = TextStim(__class__=<class 'psychopy.visual.text.TextStim'>, alignHoriz=method-wrapper(...), alignText='center', alignVert=method-wrapper(...), anchorHoriz='center', anchorVert='center', antialias=True, autoDraw=False, autoLog=True, bold=False, color=array([1., 1., 1.]), colorSpace='rgb', contrast=1.0, depth=0, draggable=False, flipHoriz=False, flipVert=False, font='', fontFiles=[], height=0.8, italic=False, languageStyle='LTR', name='unnamed TextStim', opacity=1.0, ori=0.0, pos=array([-1.3481,  2.7348]), rgb=UNKNOWN, text='H', units='deg', win=Window(...), wrapWidth=15.0)
16.2930 	EXP 	Created unnamed TextStim = TextStim(__class__=<class 'psychopy.visual.text.TextStim'>, alignHoriz=method-wrapper(...), alignText='center', alignVert=method-wrapper(...), anchorHoriz='center', anchorVert='center', antialias=True, autoDraw=False, autoLog=True, bold=False, color=array([1., 1., 1.]), colorSpace='rgb', contrast=1.0, depth=0, draggable=False, flipHoriz=False, flipVert=False, font='', fontFiles=[], height=0.8, italic=False, languageStyle='LTR', name='unnamed TextStim', opacity=1.0, ori=0.0, pos=array([-1.3481,  2.7348]), rgb=UNKNOWN, text='V', units='deg', win=Window(...), wrapWidth=15.0)
16.2945 	EXP 	Created unnamed TextStim = TextStim(__class__=<class 'psychopy.visual.text.TextStim'>, alignHoriz=method-wrapper(...), alignText='center', alignVert=method-wrapper(...), anchorHoriz='center', anchorVert='center', antialias=True, autoDraw=False, autoLog=True, bold=False, color=array([1., 1., 1.]), colorSpace='rgb', contrast=1.0, depth=0, draggable=False, flipHoriz=False, flipVert=False, font='', fontFiles=[], height=0.8, italic=False, languageStyle='LTR', name='unnamed TextStim', opacity=1.0, ori=0.0, pos=array([1.1519, 2.7348]), rgb=UNKNOWN, text='H', units='deg', win=Window(...), wrapWidth=15.0)
16.2961 	EXP 	Created unnamed TextStim = TextStim(__class__=<class 'psychopy.visual.text.TextStim'>, alignHoriz=method-wrapper(...), alignText='center', alignVert=method-wrapper(...), anchorHoriz='center', anchorVert='center', antialias=True, autoDraw=False, autoLog=True, bold=False, color=array([1., 1., 1.]), colorSpace='rgb', contrast=1.0, depth=0, draggable=False, flipHoriz=False, flipVert=False, font='', fontFiles=[], height=0.8, italic=False, languageStyle='LTR', name='unnamed TextStim', opacity=1.0, ori=0.0, pos=array([1.1519, 2.7348]), rgb=UNKNOWN, text='V', units='deg', win=Window(...), wrapWidth=15.0)
16.2978 	EXP 	Created unnamed TextStim = TextStim(__class__=<class 'psychopy.visual.text.TextStim'>, alignHoriz=method-wrapper(...), alignText='center', alignVert=method-wrapper(...), anchorHoriz='center', anchorVert='center', antialias=True, autoDraw=False, autoLog=True, bold=False, color=array([1., 1., 1.]), colorSpace='rgb', contrast=1.0, depth=0, draggable=False, flipHoriz=False, flipVert=False, font='', fontFiles=[], height=0.8, italic=False, languageStyle='LTR', name='unnamed TextStim', opacity=1.0, ori=0.0, pos=array([3.4019, 2.2348]), rgb=UNKNOWN, text='H', units='deg', win=Window(...), wrapWidth=15.0)
16.2993 	EXP 	Created unnamed TextStim = TextStim(__class__=<class 'psychopy.visual.text.TextStim'>, alignHoriz=method-wrapper(...), alignText='center', alignVert=method-wrapper(...), anchorHoriz='center', anchorVert='center', antialias=True, autoDraw=False, autoLog=True, bold=False, color=array([1., 1., 1.]), colorSpace='rgb', contrast=1.0, depth=0, draggable=False, flipHoriz=False, flipVert=False, font='', fontFiles=[], height=0.8, italic=False, languageStyle='LTR', name='unnamed TextStim', opacity=1.0, ori=0.0, pos=array([3.4019, 2.2348]), rgb=UNKNOWN, text='V', units='deg', win=Window(...), wrapWidth=15.0)
16.3117 	EXP 	Created unnamed TextStim = TextStim(__class__=<class 'psychopy.visual.text.TextStim'>, alignHoriz=method-wrapper(...), alignText='center', alignVert=method-wrapper(...), anchorHoriz='center', anchorVert='center', antialias=True, autoDraw=False, autoLog=True, bold=False, color=array([1., 1., 1.]), colorSpace='rgb', contrast=1.0, depth=0, draggable=False, flipHoriz=False, flipVert=False, font='', fontFiles=[], height=0.5, italic=False, languageStyle='LTR', name='unnamed TextStim', opacity=1.0, ori=0.0, pos=array([-0.0981, -1.7652]), rgb=UNKNOWN, text=str(...), units='deg', win=Window(...), wrapWidth=15.0)
16.3160 	EXP 	Created unnamed TextStim = TextStim(__class__=<class 'psychopy.visual.text.TextStim'>, alignHoriz=method-wrapper(...), alignText='center', alignVert=method-wrapper(...), anchorHoriz='center', anchorVert='center', antialias=True, autoDraw=False, autoLog=True, bold=False, color=array([1., 1., 1.]), colorSpace='rgb', contrast=1.0, depth=0, draggable=False, flipHoriz=False, flipVert=False, font='', fontFiles=[], height=0.5, italic=False, languageStyle='LTR', name='unnamed TextStim', opacity=1.0, ori=0.0, pos=array([-0.0981, -3.7652]), rgb=UNKNOWN, text='Press any key to continue', units='deg', win=Window(...), wrapWidth=15.0)
16.3220 	EXP 	Created unnamed TextStim = TextStim(__class__=<class 'psychopy.visual.text.TextStim'>, alignHoriz=method-wrapper(...), alignText='center', alignVert=method-wrapper(...), anchorHoriz='center', anchorVert='center', antialias=True, autoDraw=False, autoLog=True, bold=False, color=array([1., 1., 1.]), colorSpace='rgb', contrast=1.0, depth=0, draggable=False, flipHoriz=False, flipVert=False, font='', fontFiles=[], height=0.5, italic=False, languageStyle='LTR', name='unnamed TextStim', opacity=1.0, ori=0.0, pos=array([-0.0981, -5.7652]), rgb=UNKNOWN, text='You have pressed VERTICAL', units='deg', win=Window(...), wrapWidth=15.0)
16.3261 	EXP 	Created unnamed TextStim = TextStim(__class__=<class 'psychopy.visual.text.TextStim'>, alignHoriz=method-wrapper(...), alignText='center', alignVert=method-wrapper(...), anchorHoriz='center', anchorVert='center', antialias=True, autoDraw=False, autoLog=True, bold=False, color=array([1., 1., 1.]), colorSpace='rgb', contrast=1.0, depth=0, draggable=False, flipHoriz=False, flipVert=False, font='', fontFiles=[], height=0.5, italic=False, languageStyle='LTR', name='unnamed TextStim', opacity=1.0, ori=0.0, pos=array([-0.0981, -5.7652]), rgb=UNKNOWN, text='You have pressed HORIZONTAL', units='deg', win=Window(...), wrapWidth=15.0)
16.3289 	EXP 	Created unnamed TextStim = TextStim(__class__=<class 'psychopy.visual.text.TextStim'>, alignHoriz=method-wrapper(...), alignText='center', alignVert=method-wrapper(...), anchorHoriz='center', anchorVert='center', antialias=True, autoDraw=False, autoLog=True, bold=False, color=array([1., 1., 1.]), colorSpace='rgb', contrast=1.0, depth=0, draggable=False, flipHoriz=False, flipVert=False, font='', fontFiles=[], height=0.5, italic=False, languageStyle='LTR', name='unnamed TextStim', opacity=1.0, ori=0.0, pos=array([-0.0981, -1.7652]), rgb=UNKNOWN, text='Please rest until further instructions', units='deg', win=Window(...), wrapWidth=15.0)
16.3353 	EXP 	Created unnamed TextStim = TextStim(__class__=<class 'psychopy.visual.text.TextStim'>, alignHoriz=method-wrapper(...), alignText='center', alignVert=method-wrapper(...), anchorHoriz='center', anchorVert='center', antialias=True, autoDraw=False, autoLog=True, bold=False, color=array([1., 1., 1.]), colorSpace='rgb', contrast=1.0, depth=0, draggable=False, flipHoriz=False, flipVert=False, font='', fontFiles=[], height=0.5, italic=False, languageStyle='LTR', name='unnamed TextStim', opacity=1.0, ori=0.0, pos=array([-0.0981, -1.7652]), rgb=UNKNOWN, text=str(...), units='deg', win=Window(...), wrapWidth=15.0)
16.3394 	EXP 	Created unnamed TextStim = TextStim(__class__=<class 'psychopy.visual.text.TextStim'>, alignHoriz=method-wrapper(...), alignText='center', alignVert=method-wrapper(...), anchorHoriz='center', anchorVert='center', antialias=True, autoDraw=False, autoLog=True, bold=False, color=array([1., 1., 1.]), colorSpace='rgb', contrast=1.0, depth=0, draggable=False, flipHoriz=False, flipVert=False, font='', fontFiles=[], height=0.5, italic=False, languageStyle='LTR', name='unnamed TextStim', opacity=1.0, ori=0.0, pos=array([-0.0981, -1.7652]), rgb=UNKNOWN, text=str(...), units='deg', win=Window(...), wrapWidth=15.0)
16.3412 	EXP 	window1: Attempting to measure frame rate of screen (1) ...
16.3412 	EXP 	window1: recordFrameIntervals = False
16.4926 	EXP 	window1: recordFrameIntervals = True
16.8266 	EXP 	Screen (1) actual frame rate measured at 59.10Hz
16.8267 	EXP 	window1: recordFrameIntervals = False
0.0410 	EXP 	window1: units = 'pix'
0.0411 	INFO 	Mouse: using default window
0.1023 	INFO 	keyboard.Keyboard is using ptb backend.
1.6605 	DATA 	Keypress: return
2.0193 	DATA 	Keypress: return
8.2181 	DATA 	Keypress: return
9.8764 	DATA 	Keypress: quoteleft
28.7045 	DATA 	Keypress: 1
57.3027 	DATA 	Keypress: escape
57.3607 	WARNING 	Stopping key buffers but this could be dangerous ifother keyboards rely on the same.
